{"/workspaces/Bawco-Holiday-tracker/backend/src/auth-routes.ts": {"path":"/workspaces/Bawco-Holiday-tracker/backend/src/auth-routes.ts","statementMap":{"0":{"start":{"line":1,"column":0},"end":{"line":1,"column":53}},"1":{"start":{"line":2,"column":0},"end":{"line":2,"column":40}},"2":{"start":{"line":3,"column":0},"end":{"line":3,"column":61}},"3":{"start":{"line":4,"column":0},"end":{"line":4,"column":42}},"4":{"start":{"line":6,"column":15},"end":{"line":6,"column":31}},"5":{"start":{"line":20,"column":0},"end":{"line":46,"column":3}},"6":{"start":{"line":21,"column":2},"end":{"line":45,"column":3}},"7":{"start":{"line":22,"column":38},"end":{"line":22,"column":46}},"8":{"start":{"line":24,"column":4},"end":{"line":27,"column":5}},"9":{"start":{"line":25,"column":6},"end":{"line":25,"column":73}},"10":{"start":{"line":26,"column":6},"end":{"line":26,"column":13}},"11":{"start":{"line":29,"column":25},"end":{"line":29,"column":75}},"12":{"start":{"line":30,"column":4},"end":{"line":33,"column":5}},"13":{"start":{"line":31,"column":6},"end":{"line":31,"column":66}},"14":{"start":{"line":32,"column":6},"end":{"line":32,"column":13}},"15":{"start":{"line":35,"column":27},"end":{"line":35,"column":55}},"16":{"start":{"line":36,"column":17},"end":{"line":38,"column":6}},"17":{"start":{"line":40,"column":18},"end":{"line":40,"column":67}},"18":{"start":{"line":41,"column":4},"end":{"line":41,"column":95}},"19":{"start":{"line":43,"column":4},"end":{"line":43,"column":44}},"20":{"start":{"line":44,"column":4},"end":{"line":44,"column":61}},"21":{"start":{"line":49,"column":0},"end":{"line":76,"column":3}},"22":{"start":{"line":50,"column":2},"end":{"line":75,"column":3}},"23":{"start":{"line":51,"column":32},"end":{"line":51,"column":40}},"24":{"start":{"line":53,"column":4},"end":{"line":56,"column":5}},"25":{"start":{"line":54,"column":6},"end":{"line":54,"column":73}},"26":{"start":{"line":55,"column":6},"end":{"line":55,"column":13}},"27":{"start":{"line":58,"column":17},"end":{"line":58,"column":67}},"28":{"start":{"line":59,"column":4},"end":{"line":62,"column":5}},"29":{"start":{"line":60,"column":6},"end":{"line":60,"column":67}},"30":{"start":{"line":61,"column":6},"end":{"line":61,"column":13}},"31":{"start":{"line":64,"column":26},"end":{"line":64,"column":71}},"32":{"start":{"line":65,"column":4},"end":{"line":68,"column":5}},"33":{"start":{"line":66,"column":6},"end":{"line":66,"column":67}},"34":{"start":{"line":67,"column":6},"end":{"line":67,"column":13}},"35":{"start":{"line":70,"column":18},"end":{"line":70,"column":67}},"36":{"start":{"line":71,"column":4},"end":{"line":71,"column":83}},"37":{"start":{"line":73,"column":4},"end":{"line":73,"column":41}},"38":{"start":{"line":74,"column":4},"end":{"line":74,"column":61}},"39":{"start":{"line":78,"column":0},"end":{"line":78,"column":22}}},"fnMap":{"0":{"name":"(anonymous_1)","decl":{"start":{"line":20,"column":25},"end":{"line":20,"column":30}},"loc":{"start":{"line":20,"column":85},"end":{"line":46,"column":1}}},"1":{"name":"(anonymous_2)","decl":{"start":{"line":49,"column":22},"end":{"line":49,"column":27}},"loc":{"start":{"line":49,"column":79},"end":{"line":76,"column":1}}}},"branchMap":{"0":{"loc":{"start":{"line":24,"column":4},"end":{"line":27,"column":5}},"type":"if","locations":[{"start":{"line":24,"column":4},"end":{"line":27,"column":5}},{"start":{},"end":{}}]},"1":{"loc":{"start":{"line":24,"column":8},"end":{"line":24,"column":27}},"type":"binary-expr","locations":[{"start":{"line":24,"column":8},"end":{"line":24,"column":14}},{"start":{"line":24,"column":18},"end":{"line":24,"column":27}}]},"2":{"loc":{"start":{"line":30,"column":4},"end":{"line":33,"column":5}},"type":"if","locations":[{"start":{"line":30,"column":4},"end":{"line":33,"column":5}},{"start":{},"end":{}}]},"3":{"loc":{"start":{"line":53,"column":4},"end":{"line":56,"column":5}},"type":"if","locations":[{"start":{"line":53,"column":4},"end":{"line":56,"column":5}},{"start":{},"end":{}}]},"4":{"loc":{"start":{"line":53,"column":8},"end":{"line":53,"column":27}},"type":"binary-expr","locations":[{"start":{"line":53,"column":8},"end":{"line":53,"column":14}},{"start":{"line":53,"column":18},"end":{"line":53,"column":27}}]},"5":{"loc":{"start":{"line":59,"column":4},"end":{"line":62,"column":5}},"type":"if","locations":[{"start":{"line":59,"column":4},"end":{"line":62,"column":5}},{"start":{},"end":{}}]},"6":{"loc":{"start":{"line":65,"column":4},"end":{"line":68,"column":5}},"type":"if","locations":[{"start":{"line":65,"column":4},"end":{"line":68,"column":5}},{"start":{},"end":{}}]}},"s":{"0":0,"1":0,"2":0,"3":0,"4":0,"5":0,"6":0,"7":0,"8":0,"9":0,"10":0,"11":0,"12":0,"13":0,"14":0,"15":0,"16":0,"17":0,"18":0,"19":0,"20":0,"21":0,"22":0,"23":0,"24":0,"25":0,"26":0,"27":0,"28":0,"29":0,"30":0,"31":0,"32":0,"33":0,"34":0,"35":0,"36":0,"37":0,"38":0,"39":0},"f":{"0":0,"1":0},"b":{"0":[0,0],"1":[0,0],"2":[0,0],"3":[0,0],"4":[0,0],"5":[0,0],"6":[0,0]}}
,"/workspaces/Bawco-Holiday-tracker/backend/src/auth.ts": {"path":"/workspaces/Bawco-Holiday-tracker/backend/src/auth.ts","statementMap":{"0":{"start":{"line":10,"column":0},"end":{"line":10,"column":16}},"1":{"start":{"line":14,"column":0},"end":{"line":14,"column":16}},"2":{"start":{"line":22,"column":0},"end":{"line":22,"column":16}},"3":{"start":{"line":1,"column":0},"end":{"line":1,"column":31}},"4":{"start":{"line":3,"column":19},"end":{"line":3,"column":62}},"5":{"start":{"line":11,"column":2},"end":{"line":11,"column":60}},"6":{"start":{"line":15,"column":2},"end":{"line":19,"column":3}},"7":{"start":{"line":16,"column":4},"end":{"line":16,"column":55}},"8":{"start":{"line":18,"column":4},"end":{"line":18,"column":16}},"9":{"start":{"line":23,"column":2},"end":{"line":23,"column":31}},"10":{"start":{"line":23,"column":19},"end":{"line":23,"column":31}},"11":{"start":{"line":24,"column":16},"end":{"line":24,"column":37}},"12":{"start":{"line":25,"column":2},"end":{"line":25,"column":71}}},"fnMap":{"0":{"name":"generateToken","decl":{"start":{"line":10,"column":16},"end":{"line":10,"column":29}},"loc":{"start":{"line":10,"column":49},"end":{"line":12,"column":1}}},"1":{"name":"verifyToken","decl":{"start":{"line":14,"column":16},"end":{"line":14,"column":27}},"loc":{"start":{"line":14,"column":41},"end":{"line":20,"column":1}}},"2":{"name":"extractToken","decl":{"start":{"line":22,"column":16},"end":{"line":22,"column":28}},"loc":{"start":{"line":22,"column":48},"end":{"line":26,"column":1}}}},"branchMap":{"0":{"loc":{"start":{"line":3,"column":19},"end":{"line":3,"column":62}},"type":"binary-expr","locations":[{"start":{"line":3,"column":19},"end":{"line":3,"column":41}},{"start":{"line":3,"column":45},"end":{"line":3,"column":62}}]},"1":{"loc":{"start":{"line":23,"column":2},"end":{"line":23,"column":31}},"type":"if","locations":[{"start":{"line":23,"column":2},"end":{"line":23,"column":31}},{"start":{},"end":{}}]},"2":{"loc":{"start":{"line":25,"column":9},"end":{"line":25,"column":70}},"type":"cond-expr","locations":[{"start":{"line":25,"column":55},"end":{"line":25,"column":63}},{"start":{"line":25,"column":66},"end":{"line":25,"column":70}}]},"3":{"loc":{"start":{"line":25,"column":9},"end":{"line":25,"column":52}},"type":"binary-expr","locations":[{"start":{"line":25,"column":9},"end":{"line":25,"column":27}},{"start":{"line":25,"column":31},"end":{"line":25,"column":52}}]}},"s":{"0":1,"1":1,"2":1,"3":1,"4":1,"5":2,"6":3,"7":3,"8":2,"9":0,"10":0,"11":0,"12":0},"f":{"0":2,"1":3,"2":0},"b":{"0":[1,1],"1":[0,0],"2":[0,0],"3":[0,0]}}
,"/workspaces/Bawco-Holiday-tracker/backend/src/holiday-routes.ts": {"path":"/workspaces/Bawco-Holiday-tracker/backend/src/holiday-routes.ts","statementMap":{"0":{"start":{"line":1,"column":0},"end":{"line":1,"column":44}},"1":{"start":{"line":2,"column":0},"end":{"line":2,"column":40}},"2":{"start":{"line":3,"column":0},"end":{"line":3,"column":62}},"3":{"start":{"line":5,"column":15},"end":{"line":5,"column":31}},"4":{"start":{"line":15,"column":0},"end":{"line":26,"column":3}},"5":{"start":{"line":16,"column":2},"end":{"line":25,"column":3}},"6":{"start":{"line":17,"column":21},"end":{"line":20,"column":6}},"7":{"start":{"line":21,"column":4},"end":{"line":21,"column":23}},"8":{"start":{"line":23,"column":4},"end":{"line":23,"column":48}},"9":{"start":{"line":24,"column":4},"end":{"line":24,"column":61}},"10":{"start":{"line":29,"column":0},"end":{"line":44,"column":3}},"11":{"start":{"line":30,"column":2},"end":{"line":43,"column":3}},"12":{"start":{"line":31,"column":19},"end":{"line":31,"column":29}},"13":{"start":{"line":32,"column":20},"end":{"line":32,"column":103}},"14":{"start":{"line":34,"column":4},"end":{"line":37,"column":5}},"15":{"start":{"line":35,"column":6},"end":{"line":35,"column":59}},"16":{"start":{"line":36,"column":6},"end":{"line":36,"column":13}},"17":{"start":{"line":39,"column":4},"end":{"line":39,"column":22}},"18":{"start":{"line":41,"column":4},"end":{"line":41,"column":47}},"19":{"start":{"line":42,"column":4},"end":{"line":42,"column":61}},"20":{"start":{"line":47,"column":0},"end":{"line":71,"column":3}},"21":{"start":{"line":48,"column":2},"end":{"line":70,"column":3}},"22":{"start":{"line":49,"column":67},"end":{"line":49,"column":75}},"23":{"start":{"line":51,"column":4},"end":{"line":54,"column":5}},"24":{"start":{"line":52,"column":6},"end":{"line":52,"column":83}},"25":{"start":{"line":53,"column":6},"end":{"line":53,"column":13}},"26":{"start":{"line":56,"column":20},"end":{"line":64,"column":6}},"27":{"start":{"line":66,"column":4},"end":{"line":66,"column":34}},"28":{"start":{"line":68,"column":4},"end":{"line":68,"column":50}},"29":{"start":{"line":69,"column":4},"end":{"line":69,"column":61}},"30":{"start":{"line":74,"column":0},"end":{"line":101,"column":3}},"31":{"start":{"line":75,"column":2},"end":{"line":100,"column":3}},"32":{"start":{"line":76,"column":19},"end":{"line":76,"column":29}},"33":{"start":{"line":77,"column":67},"end":{"line":77,"column":75}},"34":{"start":{"line":80,"column":21},"end":{"line":80,"column":104}},"35":{"start":{"line":82,"column":4},"end":{"line":85,"column":5}},"36":{"start":{"line":83,"column":6},"end":{"line":83,"column":59}},"37":{"start":{"line":84,"column":6},"end":{"line":84,"column":13}},"38":{"start":{"line":86,"column":20},"end":{"line":94,"column":6}},"39":{"start":{"line":96,"column":4},"end":{"line":96,"column":22}},"40":{"start":{"line":98,"column":4},"end":{"line":98,"column":50}},"41":{"start":{"line":99,"column":4},"end":{"line":99,"column":61}},"42":{"start":{"line":104,"column":0},"end":{"line":121,"column":3}},"43":{"start":{"line":105,"column":2},"end":{"line":120,"column":3}},"44":{"start":{"line":106,"column":19},"end":{"line":106,"column":29}},"45":{"start":{"line":109,"column":21},"end":{"line":109,"column":104}},"46":{"start":{"line":111,"column":4},"end":{"line":114,"column":5}},"47":{"start":{"line":112,"column":6},"end":{"line":112,"column":59}},"48":{"start":{"line":113,"column":6},"end":{"line":113,"column":13}},"49":{"start":{"line":115,"column":4},"end":{"line":115,"column":65}},"50":{"start":{"line":116,"column":4},"end":{"line":116,"column":45}},"51":{"start":{"line":118,"column":4},"end":{"line":118,"column":50}},"52":{"start":{"line":119,"column":4},"end":{"line":119,"column":61}},"53":{"start":{"line":123,"column":0},"end":{"line":123,"column":22}}},"fnMap":{"0":{"name":"(anonymous_1)","decl":{"start":{"line":15,"column":32},"end":{"line":15,"column":37}},"loc":{"start":{"line":15,"column":74},"end":{"line":26,"column":1}}},"1":{"name":"(anonymous_2)","decl":{"start":{"line":29,"column":35},"end":{"line":29,"column":40}},"loc":{"start":{"line":29,"column":77},"end":{"line":44,"column":1}}},"2":{"name":"(anonymous_3)","decl":{"start":{"line":47,"column":33},"end":{"line":47,"column":38}},"loc":{"start":{"line":47,"column":75},"end":{"line":71,"column":1}}},"3":{"name":"(anonymous_4)","decl":{"start":{"line":74,"column":35},"end":{"line":74,"column":40}},"loc":{"start":{"line":74,"column":77},"end":{"line":101,"column":1}}},"4":{"name":"(anonymous_5)","decl":{"start":{"line":104,"column":38},"end":{"line":104,"column":43}},"loc":{"start":{"line":104,"column":80},"end":{"line":121,"column":1}}}},"branchMap":{"0":{"loc":{"start":{"line":34,"column":4},"end":{"line":37,"column":5}},"type":"if","locations":[{"start":{"line":34,"column":4},"end":{"line":37,"column":5}},{"start":{},"end":{}}]},"1":{"loc":{"start":{"line":51,"column":4},"end":{"line":54,"column":5}},"type":"if","locations":[{"start":{"line":51,"column":4},"end":{"line":54,"column":5}},{"start":{},"end":{}}]},"2":{"loc":{"start":{"line":51,"column":8},"end":{"line":51,"column":39}},"type":"binary-expr","locations":[{"start":{"line":51,"column":8},"end":{"line":51,"column":13}},{"start":{"line":51,"column":17},"end":{"line":51,"column":27}},{"start":{"line":51,"column":31},"end":{"line":51,"column":39}}]},"3":{"loc":{"start":{"line":82,"column":4},"end":{"line":85,"column":5}},"type":"if","locations":[{"start":{"line":82,"column":4},"end":{"line":85,"column":5}},{"start":{},"end":{}}]},"4":{"loc":{"start":{"line":89,"column":12},"end":{"line":89,"column":28}},"type":"binary-expr","locations":[{"start":{"line":89,"column":12},"end":{"line":89,"column":16}},{"start":{"line":89,"column":20},"end":{"line":89,"column":28}}]},"5":{"loc":{"start":{"line":90,"column":12},"end":{"line":90,"column":59}},"type":"binary-expr","locations":[{"start":{"line":90,"column":12},"end":{"line":90,"column":21}},{"start":{"line":90,"column":25},"end":{"line":90,"column":59}}]},"6":{"loc":{"start":{"line":91,"column":12},"end":{"line":91,"column":53}},"type":"binary-expr","locations":[{"start":{"line":91,"column":12},"end":{"line":91,"column":19}},{"start":{"line":91,"column":23},"end":{"line":91,"column":53}}]},"7":{"loc":{"start":{"line":92,"column":12},"end":{"line":92,"column":56}},"type":"binary-expr","locations":[{"start":{"line":92,"column":12},"end":{"line":92,"column":37}},{"start":{"line":92,"column":41},"end":{"line":92,"column":56}}]},"8":{"loc":{"start":{"line":111,"column":4},"end":{"line":114,"column":5}},"type":"if","locations":[{"start":{"line":111,"column":4},"end":{"line":114,"column":5}},{"start":{},"end":{}}]}},"s":{"0":0,"1":0,"2":0,"3":0,"4":0,"5":0,"6":0,"7":0,"8":0,"9":0,"10":0,"11":0,"12":0,"13":0,"14":0,"15":0,"16":0,"17":0,"18":0,"19":0,"20":0,"21":0,"22":0,"23":0,"24":0,"25":0,"26":0,"27":0,"28":0,"29":0,"30":0,"31":0,"32":0,"33":0,"34":0,"35":0,"36":0,"37":0,"38":0,"39":0,"40":0,"41":0,"42":0,"43":0,"44":0,"45":0,"46":0,"47":0,"48":0,"49":0,"50":0,"51":0,"52":0,"53":0},"f":{"0":0,"1":0,"2":0,"3":0,"4":0},"b":{"0":[0,0],"1":[0,0],"2":[0,0,0],"3":[0,0],"4":[0,0],"5":[0,0],"6":[0,0],"7":[0,0],"8":[0,0]}}
,"/workspaces/Bawco-Holiday-tracker/backend/src/index.ts": {"path":"/workspaces/Bawco-Holiday-tracker/backend/src/index.ts","statementMap":{"0":{"start":{"line":1,"column":0},"end":{"line":1,"column":30}},"1":{"start":{"line":2,"column":0},"end":{"line":2,"column":24}},"2":{"start":{"line":3,"column":0},"end":{"line":3,"column":23}},"3":{"start":{"line":4,"column":0},"end":{"line":4,"column":42}},"4":{"start":{"line":5,"column":0},"end":{"line":5,"column":48}},"5":{"start":{"line":7,"column":12},"end":{"line":7,"column":21}},"6":{"start":{"line":8,"column":13},"end":{"line":8,"column":37}},"7":{"start":{"line":10,"column":0},"end":{"line":10,"column":16}},"8":{"start":{"line":11,"column":0},"end":{"line":11,"column":24}},"9":{"start":{"line":14,"column":0},"end":{"line":16,"column":3}},"10":{"start":{"line":15,"column":2},"end":{"line":15,"column":66}},"11":{"start":{"line":19,"column":0},"end":{"line":19,"column":33}},"12":{"start":{"line":22,"column":0},"end":{"line":22,"column":40}},"13":{"start":{"line":25,"column":0},"end":{"line":28,"column":3}},"14":{"start":{"line":26,"column":2},"end":{"line":26,"column":31}},"15":{"start":{"line":27,"column":2},"end":{"line":27,"column":59}},"16":{"start":{"line":30,"column":0},"end":{"line":32,"column":3}},"17":{"start":{"line":31,"column":2},"end":{"line":31,"column":48}}},"fnMap":{"0":{"name":"(anonymous_1)","decl":{"start":{"line":14,"column":23},"end":{"line":14,"column":24}},"loc":{"start":{"line":14,"column":36},"end":{"line":16,"column":1}}},"1":{"name":"(anonymous_2)","decl":{"start":{"line":25,"column":8},"end":{"line":25,"column":9}},"loc":{"start":{"line":25,"column":94},"end":{"line":28,"column":1}}},"2":{"name":"(anonymous_3)","decl":{"start":{"line":30,"column":17},"end":{"line":30,"column":20}},"loc":{"start":{"line":30,"column":22},"end":{"line":32,"column":1}}}},"branchMap":{"0":{"loc":{"start":{"line":8,"column":13},"end":{"line":8,"column":37}},"type":"binary-expr","locations":[{"start":{"line":8,"column":13},"end":{"line":8,"column":29}},{"start":{"line":8,"column":33},"end":{"line":8,"column":37}}]}},"s":{"0":0,"1":0,"2":0,"3":0,"4":0,"5":0,"6":0,"7":0,"8":0,"9":0,"10":0,"11":0,"12":0,"13":0,"14":0,"15":0,"16":0,"17":0},"f":{"0":0,"1":0,"2":0},"b":{"0":[0,0]}}
,"/workspaces/Bawco-Holiday-tracker/backend/src/middleware.ts": {"path":"/workspaces/Bawco-Holiday-tracker/backend/src/middleware.ts","statementMap":{"0":{"start":{"line":9,"column":0},"end":{"line":9,"column":16}},"1":{"start":{"line":2,"column":0},"end":{"line":2,"column":54}},"2":{"start":{"line":10,"column":16},"end":{"line":10,"column":55}},"3":{"start":{"line":12,"column":2},"end":{"line":15,"column":3}},"4":{"start":{"line":13,"column":4},"end":{"line":13,"column":57}},"5":{"start":{"line":14,"column":4},"end":{"line":14,"column":11}},"6":{"start":{"line":17,"column":18},"end":{"line":17,"column":36}},"7":{"start":{"line":18,"column":2},"end":{"line":21,"column":3}},"8":{"start":{"line":19,"column":4},"end":{"line":19,"column":53}},"9":{"start":{"line":20,"column":4},"end":{"line":20,"column":11}},"10":{"start":{"line":23,"column":2},"end":{"line":23,"column":26}},"11":{"start":{"line":24,"column":2},"end":{"line":24,"column":32}},"12":{"start":{"line":25,"column":2},"end":{"line":25,"column":9}}},"fnMap":{"0":{"name":"authMiddleware","decl":{"start":{"line":9,"column":16},"end":{"line":9,"column":30}},"loc":{"start":{"line":9,"column":82},"end":{"line":26,"column":1}}}},"branchMap":{"0":{"loc":{"start":{"line":12,"column":2},"end":{"line":15,"column":3}},"type":"if","locations":[{"start":{"line":12,"column":2},"end":{"line":15,"column":3}},{"start":{},"end":{}}]},"1":{"loc":{"start":{"line":18,"column":2},"end":{"line":21,"column":3}},"type":"if","locations":[{"start":{"line":18,"column":2},"end":{"line":21,"column":3}},{"start":{},"end":{}}]}},"s":{"0":0,"1":0,"2":0,"3":0,"4":0,"5":0,"6":0,"7":0,"8":0,"9":0,"10":0,"11":0,"12":0},"f":{"0":0},"b":{"0":[0,0],"1":[0,0]}}
,"/workspaces/Bawco-Holiday-tracker/backend/src/password.ts": {"path":"/workspaces/Bawco-Holiday-tracker/backend/src/password.ts","statementMap":{"0":{"start":{"line":3,"column":0},"end":{"line":3,"column":7}},"1":{"start":{"line":8,"column":0},"end":{"line":8,"column":7}},"2":{"start":{"line":1,"column":0},"end":{"line":1,"column":32}},"3":{"start":{"line":4,"column":15},"end":{"line":4,"column":41}},"4":{"start":{"line":5,"column":2},"end":{"line":5,"column":39}},"5":{"start":{"line":9,"column":2},"end":{"line":9,"column":42}}},"fnMap":{"0":{"name":"hashPassword","decl":{"start":{"line":3,"column":22},"end":{"line":3,"column":34}},"loc":{"start":{"line":3,"column":51},"end":{"line":6,"column":1}}},"1":{"name":"verifyPassword","decl":{"start":{"line":8,"column":22},"end":{"line":8,"column":36}},"loc":{"start":{"line":8,"column":67},"end":{"line":10,"column":1}}}},"branchMap":{},"s":{"0":1,"1":1,"2":1,"3":3,"4":3,"5":2},"f":{"0":3,"1":2},"b":{}}
,"/workspaces/Bawco-Holiday-tracker/backend/src/prisma-client.ts": {"path":"/workspaces/Bawco-Holiday-tracker/backend/src/prisma-client.ts","statementMap":{"0":{"start":{"line":37,"column":9},"end":{"line":37,"column":17}},"1":{"start":{"line":1,"column":0},"end":{"line":1,"column":46}},"2":{"start":{"line":2,"column":0},"end":{"line":2,"column":69}},"3":{"start":{"line":4,"column":20},"end":{"line":4,"column":70}},"4":{"start":{"line":5,"column":16},"end":{"line":5,"column":87}},"5":{"start":{"line":7,"column":15},"end":{"line":7,"column":44}},"6":{"start":{"line":11,"column":1},"end":{"line":21,"column":2}},"7":{"start":{"line":12,"column":2},"end":{"line":13,"column":62}},"8":{"start":{"line":14,"column":2},"end":{"line":14,"column":29}},"9":{"start":{"line":15,"column":2},"end":{"line":15,"column":44}},"10":{"start":{"line":17,"column":2},"end":{"line":17,"column":55}},"11":{"start":{"line":20,"column":2},"end":{"line":20,"column":30}},"12":{"start":{"line":20,"column":14},"end":{"line":20,"column":30}},"13":{"start":{"line":24,"column":0},"end":{"line":24,"column":47}},"14":{"start":{"line":24,"column":27},"end":{"line":24,"column":45}},"15":{"start":{"line":25,"column":0},"end":{"line":25,"column":49}},"16":{"start":{"line":25,"column":28},"end":{"line":25,"column":47}},"17":{"start":{"line":26,"column":0},"end":{"line":29,"column":3}},"18":{"start":{"line":27,"column":1},"end":{"line":27,"column":43}},"19":{"start":{"line":28,"column":1},"end":{"line":28,"column":31}},"20":{"start":{"line":30,"column":0},"end":{"line":33,"column":3}},"21":{"start":{"line":31,"column":1},"end":{"line":31,"column":47}},"22":{"start":{"line":32,"column":1},"end":{"line":32,"column":32}},"23":{"start":{"line":35,"column":0},"end":{"line":35,"column":22}}},"fnMap":{"0":{"name":"shutdown","decl":{"start":{"line":10,"column":15},"end":{"line":10,"column":23}},"loc":{"start":{"line":10,"column":39},"end":{"line":22,"column":1}}},"1":{"name":"(anonymous_1)","decl":{"start":{"line":24,"column":21},"end":{"line":24,"column":24}},"loc":{"start":{"line":24,"column":27},"end":{"line":24,"column":45}}},"2":{"name":"(anonymous_2)","decl":{"start":{"line":25,"column":22},"end":{"line":25,"column":25}},"loc":{"start":{"line":25,"column":28},"end":{"line":25,"column":47}}},"3":{"name":"(anonymous_3)","decl":{"start":{"line":26,"column":32},"end":{"line":26,"column":33}},"loc":{"start":{"line":26,"column":40},"end":{"line":29,"column":1}}},"4":{"name":"(anonymous_4)","decl":{"start":{"line":30,"column":33},"end":{"line":30,"column":34}},"loc":{"start":{"line":30,"column":44},"end":{"line":33,"column":1}}}},"branchMap":{"0":{"loc":{"start":{"line":4,"column":20},"end":{"line":4,"column":70}},"type":"binary-expr","locations":[{"start":{"line":4,"column":20},"end":{"line":4,"column":44}},{"start":{"line":4,"column":48},"end":{"line":4,"column":70}}]},"1":{"loc":{"start":{"line":13,"column":11},"end":{"line":13,"column":31}},"type":"binary-expr","locations":[{"start":{"line":13,"column":11},"end":{"line":13,"column":17}},{"start":{"line":13,"column":21},"end":{"line":13,"column":31}}]},"2":{"loc":{"start":{"line":20,"column":2},"end":{"line":20,"column":30}},"type":"if","locations":[{"start":{"line":20,"column":2},"end":{"line":20,"column":30}},{"start":{},"end":{}}]}},"s":{"0":0,"1":0,"2":0,"3":0,"4":0,"5":0,"6":0,"7":0,"8":0,"9":0,"10":0,"11":0,"12":0,"13":0,"14":0,"15":0,"16":0,"17":0,"18":0,"19":0,"20":0,"21":0,"22":0,"23":0},"f":{"0":0,"1":0,"2":0,"3":0,"4":0},"b":{"0":[0,0],"1":[0,0],"2":[0,0]}}
,"/workspaces/Bawco-Holiday-tracker/backend/src/storage.ts": {"path":"/workspaces/Bawco-Holiday-tracker/backend/src/storage.ts","statementMap":{"0":{"start":{"line":49,"column":0},"end":{"line":49,"column":16}},"1":{"start":{"line":54,"column":0},"end":{"line":54,"column":16}},"2":{"start":{"line":64,"column":0},"end":{"line":64,"column":16}},"3":{"start":{"line":69,"column":0},"end":{"line":69,"column":16}},"4":{"start":{"line":74,"column":0},"end":{"line":74,"column":16}},"5":{"start":{"line":84,"column":0},"end":{"line":84,"column":16}},"6":{"start":{"line":95,"column":0},"end":{"line":95,"column":16}},"7":{"start":{"line":1,"column":0},"end":{"line":1,"column":20}},"8":{"start":{"line":2,"column":0},"end":{"line":2,"column":24}},"9":{"start":{"line":4,"column":18},"end":{"line":4,"column":69}},"10":{"start":{"line":32,"column":2},"end":{"line":36,"column":3}},"11":{"start":{"line":33,"column":24},"end":{"line":33,"column":51}},"12":{"start":{"line":34,"column":4},"end":{"line":34,"column":63}},"13":{"start":{"line":35,"column":4},"end":{"line":35,"column":66}},"14":{"start":{"line":40,"column":2},"end":{"line":40,"column":19}},"15":{"start":{"line":41,"column":14},"end":{"line":41,"column":48}},"16":{"start":{"line":42,"column":2},"end":{"line":42,"column":31}},"17":{"start":{"line":46,"column":2},"end":{"line":46,"column":59}},"18":{"start":{"line":50,"column":13},"end":{"line":50,"column":21}},"19":{"start":{"line":51,"column":2},"end":{"line":51,"column":55}},"20":{"start":{"line":51,"column":28},"end":{"line":51,"column":45}},"21":{"start":{"line":55,"column":13},"end":{"line":55,"column":21}},"22":{"start":{"line":56,"column":13},"end":{"line":56,"column":75}},"23":{"start":{"line":56,"column":61},"end":{"line":56,"column":65}},"24":{"start":{"line":57,"column":14},"end":{"line":57,"column":38}},"25":{"start":{"line":58,"column":21},"end":{"line":58,"column":82}},"26":{"start":{"line":59,"column":2},"end":{"line":59,"column":22}},"27":{"start":{"line":60,"column":2},"end":{"line":60,"column":14}},"28":{"start":{"line":61,"column":2},"end":{"line":61,"column":14}},"29":{"start":{"line":65,"column":13},"end":{"line":65,"column":21}},"30":{"start":{"line":66,"column":2},"end":{"line":66,"column":54}},"31":{"start":{"line":66,"column":33},"end":{"line":66,"column":52}},"32":{"start":{"line":70,"column":13},"end":{"line":70,"column":21}},"33":{"start":{"line":71,"column":2},"end":{"line":71,"column":75}},"34":{"start":{"line":71,"column":31},"end":{"line":71,"column":65}},"35":{"start":{"line":75,"column":13},"end":{"line":75,"column":21}},"36":{"start":{"line":76,"column":13},"end":{"line":76,"column":81}},"37":{"start":{"line":76,"column":67},"end":{"line":76,"column":71}},"38":{"start":{"line":77,"column":14},"end":{"line":77,"column":38}},"39":{"start":{"line":78,"column":27},"end":{"line":78,"column":184}},"40":{"start":{"line":79,"column":2},"end":{"line":79,"column":28}},"41":{"start":{"line":80,"column":2},"end":{"line":80,"column":14}},"42":{"start":{"line":81,"column":2},"end":{"line":81,"column":17}},"43":{"start":{"line":85,"column":13},"end":{"line":85,"column":21}},"44":{"start":{"line":86,"column":14},"end":{"line":86,"column":76}},"45":{"start":{"line":86,"column":41},"end":{"line":86,"column":75}},"46":{"start":{"line":87,"column":2},"end":{"line":87,"column":30}},"47":{"start":{"line":87,"column":18},"end":{"line":87,"column":30}},"48":{"start":{"line":88,"column":19},"end":{"line":88,"column":35}},"49":{"start":{"line":89,"column":18},"end":{"line":89,"column":93}},"50":{"start":{"line":90,"column":2},"end":{"line":90,"column":29}},"51":{"start":{"line":91,"column":2},"end":{"line":91,"column":14}},"52":{"start":{"line":92,"column":2},"end":{"line":92,"column":17}},"53":{"start":{"line":96,"column":13},"end":{"line":96,"column":21}},"54":{"start":{"line":97,"column":14},"end":{"line":97,"column":76}},"55":{"start":{"line":97,"column":41},"end":{"line":97,"column":75}},"56":{"start":{"line":98,"column":2},"end":{"line":98,"column":31}},"57":{"start":{"line":98,"column":18},"end":{"line":98,"column":31}},"58":{"start":{"line":99,"column":2},"end":{"line":99,"column":29}},"59":{"start":{"line":100,"column":2},"end":{"line":100,"column":14}},"60":{"start":{"line":101,"column":2},"end":{"line":101,"column":14}}},"fnMap":{"0":{"name":"ensureDataFile","decl":{"start":{"line":31,"column":9},"end":{"line":31,"column":23}},"loc":{"start":{"line":31,"column":23},"end":{"line":37,"column":1}}},"1":{"name":"readDB","decl":{"start":{"line":39,"column":9},"end":{"line":39,"column":15}},"loc":{"start":{"line":39,"column":15},"end":{"line":43,"column":1}}},"2":{"name":"writeDB","decl":{"start":{"line":45,"column":9},"end":{"line":45,"column":16}},"loc":{"start":{"line":45,"column":23},"end":{"line":47,"column":1}}},"3":{"name":"getUserByEmail","decl":{"start":{"line":49,"column":16},"end":{"line":49,"column":30}},"loc":{"start":{"line":49,"column":44},"end":{"line":52,"column":1}}},"4":{"name":"(anonymous_5)","decl":{"start":{"line":51,"column":23},"end":{"line":51,"column":24}},"loc":{"start":{"line":51,"column":28},"end":{"line":51,"column":45}}},"5":{"name":"createUser","decl":{"start":{"line":54,"column":16},"end":{"line":54,"column":26}},"loc":{"start":{"line":54,"column":84},"end":{"line":62,"column":1}}},"6":{"name":"(anonymous_7)","decl":{"start":{"line":56,"column":56},"end":{"line":56,"column":57}},"loc":{"start":{"line":56,"column":61},"end":{"line":56,"column":65}}},"7":{"name":"getHolidaysByUser","decl":{"start":{"line":64,"column":16},"end":{"line":64,"column":33}},"loc":{"start":{"line":64,"column":48},"end":{"line":67,"column":1}}},"8":{"name":"(anonymous_9)","decl":{"start":{"line":66,"column":28},"end":{"line":66,"column":29}},"loc":{"start":{"line":66,"column":33},"end":{"line":66,"column":52}}},"9":{"name":"getHolidayById","decl":{"start":{"line":69,"column":16},"end":{"line":69,"column":30}},"loc":{"start":{"line":69,"column":57},"end":{"line":72,"column":1}}},"10":{"name":"(anonymous_11)","decl":{"start":{"line":71,"column":26},"end":{"line":71,"column":27}},"loc":{"start":{"line":71,"column":31},"end":{"line":71,"column":65}}},"11":{"name":"createHoliday","decl":{"start":{"line":74,"column":16},"end":{"line":74,"column":29}},"loc":{"start":{"line":74,"column":126},"end":{"line":82,"column":1}}},"12":{"name":"(anonymous_13)","decl":{"start":{"line":76,"column":62},"end":{"line":76,"column":63}},"loc":{"start":{"line":76,"column":67},"end":{"line":76,"column":71}}},"13":{"name":"updateHoliday","decl":{"start":{"line":84,"column":16},"end":{"line":84,"column":29}},"loc":{"start":{"line":84,"column":106},"end":{"line":93,"column":1}}},"14":{"name":"(anonymous_15)","decl":{"start":{"line":86,"column":36},"end":{"line":86,"column":37}},"loc":{"start":{"line":86,"column":41},"end":{"line":86,"column":75}}},"15":{"name":"deleteHoliday","decl":{"start":{"line":95,"column":16},"end":{"line":95,"column":29}},"loc":{"start":{"line":95,"column":56},"end":{"line":102,"column":1}}},"16":{"name":"(anonymous_17)","decl":{"start":{"line":97,"column":36},"end":{"line":97,"column":37}},"loc":{"start":{"line":97,"column":41},"end":{"line":97,"column":75}}}},"branchMap":{"0":{"loc":{"start":{"line":32,"column":2},"end":{"line":36,"column":3}},"type":"if","locations":[{"start":{"line":32,"column":2},"end":{"line":36,"column":3}},{"start":{},"end":{}}]},"1":{"loc":{"start":{"line":51,"column":9},"end":{"line":51,"column":54}},"type":"binary-expr","locations":[{"start":{"line":51,"column":9},"end":{"line":51,"column":46}},{"start":{"line":51,"column":50},"end":{"line":51,"column":54}}]},"2":{"loc":{"start":{"line":56,"column":13},"end":{"line":56,"column":75}},"type":"cond-expr","locations":[{"start":{"line":56,"column":31},"end":{"line":56,"column":71}},{"start":{"line":56,"column":74},"end":{"line":56,"column":75}}]},"3":{"loc":{"start":{"line":71,"column":9},"end":{"line":71,"column":74}},"type":"binary-expr","locations":[{"start":{"line":71,"column":9},"end":{"line":71,"column":66}},{"start":{"line":71,"column":70},"end":{"line":71,"column":74}}]},"4":{"loc":{"start":{"line":71,"column":31},"end":{"line":71,"column":65}},"type":"binary-expr","locations":[{"start":{"line":71,"column":31},"end":{"line":71,"column":42}},{"start":{"line":71,"column":46},"end":{"line":71,"column":65}}]},"5":{"loc":{"start":{"line":76,"column":13},"end":{"line":76,"column":81}},"type":"cond-expr","locations":[{"start":{"line":76,"column":34},"end":{"line":76,"column":77}},{"start":{"line":76,"column":80},"end":{"line":76,"column":81}}]},"6":{"loc":{"start":{"line":86,"column":41},"end":{"line":86,"column":75}},"type":"binary-expr","locations":[{"start":{"line":86,"column":41},"end":{"line":86,"column":52}},{"start":{"line":86,"column":56},"end":{"line":86,"column":75}}]},"7":{"loc":{"start":{"line":87,"column":2},"end":{"line":87,"column":30}},"type":"if","locations":[{"start":{"line":87,"column":2},"end":{"line":87,"column":30}},{"start":{},"end":{}}]},"8":{"loc":{"start":{"line":97,"column":41},"end":{"line":97,"column":75}},"type":"binary-expr","locations":[{"start":{"line":97,"column":41},"end":{"line":97,"column":52}},{"start":{"line":97,"column":56},"end":{"line":97,"column":75}}]},"9":{"loc":{"start":{"line":98,"column":2},"end":{"line":98,"column":31}},"type":"if","locations":[{"start":{"line":98,"column":2},"end":{"line":98,"column":31}},{"start":{},"end":{}}]}},"s":{"0":0,"1":0,"2":0,"3":0,"4":0,"5":0,"6":0,"7":0,"8":0,"9":0,"10":0,"11":0,"12":0,"13":0,"14":0,"15":0,"16":0,"17":0,"18":0,"19":0,"20":0,"21":0,"22":0,"23":0,"24":0,"25":0,"26":0,"27":0,"28":0,"29":0,"30":0,"31":0,"32":0,"33":0,"34":0,"35":0,"36":0,"37":0,"38":0,"39":0,"40":0,"41":0,"42":0,"43":0,"44":0,"45":0,"46":0,"47":0,"48":0,"49":0,"50":0,"51":0,"52":0,"53":0,"54":0,"55":0,"56":0,"57":0,"58":0,"59":0,"60":0},"f":{"0":0,"1":0,"2":0,"3":0,"4":0,"5":0,"6":0,"7":0,"8":0,"9":0,"10":0,"11":0,"12":0,"13":0,"14":0,"15":0,"16":0},"b":{"0":[0,0],"1":[0,0],"2":[0,0],"3":[0,0],"4":[0,0],"5":[0,0],"6":[0,0],"7":[0,0],"8":[0,0],"9":[0,0]}}
}
